<?xml version="1.0" encoding="UTF-8"?>
<!-- Generated by org.testng.reporters.JUnitXMLReporter -->
<testsuite hostname="DESKTOP-22SU8QC" failures="2" tests="3" name="Test: Inicio de Sesion." time="28.836" errors="0" timestamp="23 Sep 2022 01:15:17 GMT">
  <testcase classname="testLogin.Login" name="inicioSesionValido" time="2.355"/>
  <testcase classname="testLogin.Login" name="inicioSesionUsuarioInvalido" time="2.089">
    <failure type="java.lang.Exception" message="No se encontró el texto: Usuario incorrecto.">
      <![CDATA[java.lang.Exception: No se encontró el texto: Usuario incorrecto.
	at Pages.PageLogin.getErrorUsuario(PageLogin.java:82)
	at testLogin.Login.inicioSesionUsuarioInvalido(Login.java:50)
	at Tests.Main.main(Main.java:13)
... Removed 21 stack frames]]>
    </failure>
  </testcase> <!-- inicioSesionUsuarioInvalido -->
  <testcase classname="testLogin.Login" name="inicioSesionClaveInvalida" time="0.001">
    <failure type="java.lang.Exception" message="No se encontró el botón: Inicio de Sesión.">
      <![CDATA[java.lang.Exception: No se encontró el botón: Inicio de Sesión.
	at Pages.PageLogin.getBtnISesion(PageLogin.java:32)
	at testLogin.Login.inicioSesionClaveInvalida(Login.java:58)
	at Tests.Main.main(Main.java:13)
... Removed 21 stack frames]]>
    </failure>
  </testcase> <!-- inicioSesionClaveInvalida -->
</testsuite> <!-- Test: Inicio de Sesion. -->
