<?xml version="1.0" encoding="UTF-8" ?>
<testsuite tests="3" failures="1" name="Tests.WebTest" time="36.921" errors="0" skipped="2">
  <properties>
[...]
</properties>
  <testcase classname="Tests.WebTest" name="beforeTest" time="36.918">
    <failure message="chrome not reachable
  (Session info: chrome=99.0.4844.74)
Build info: version: &apos;3.141.59&apos;, revision: &apos;e82be7d358&apos;, time: &apos;2018-11-14T08:17:03&apos;
System info: host: &apos;GAL133967&apos;, ip: &apos;10.1.20.124&apos;, os.name: &apos;Windows 8.1&apos;, os.arch: &apos;amd64&apos;, os.version: &apos;6.3&apos;, java.version: &apos;16.0.1&apos;
Driver info: driver.version: ChromeDriver
remote stacktrace: Backtrace:
	Ordinal0 [0x014B9943+2595139]
	Ordinal0 [0x0144C9F1+2148849]
	Ordinal0 [0x013443F0+1065968]
	Ordinal0 [0x013387C2+1017794]
	Ordinal0 [0x0132BDD0+966096]
	Ordinal0 [0x013907C8+1378248]
	Ordinal0 [0x0139018A+1376650]
	Ordinal0 [0x0138B806+1357830]
	Ordinal0 [0x01366086+1204358]
	Ordinal0 [0x01366F96+1208214]
	GetHandleVerifier [0x0165B232+1658114]
	GetHandleVerifier [0x0171312C+2411516]
	GetHandleVerifier [0x0154F261+560433]
	GetHandleVerifier [0x0154E366+556598]
	Ordinal0 [0x0145286B+2173035]
	Ordinal0 [0x014575F8+2192888]
	Ordinal0 [0x014576E5+2193125]
	Ordinal0 [0x014611FC+2232828]
	BaseThreadInitThunk [0x75C26A14+36]
	RtlInitializeExceptionChain [0x7700A9EF+143]
	RtlInitializeExceptionChain [0x7700A9BA+90]
" type="org.openqa.selenium.WebDriverException">org.openqa.selenium.WebDriverException: chrome not reachable
  (Session info: chrome=99.0.4844.74)
Build info: version: &apos;3.141.59&apos;, revision: &apos;e82be7d358&apos;, time: &apos;2018-11-14T08:17:03&apos;
System info: host: &apos;GAL133967&apos;, ip: &apos;10.1.20.124&apos;, os.name: &apos;Windows 8.1&apos;, os.arch: &apos;amd64&apos;, os.version: &apos;6.3&apos;, java.version: &apos;16.0.1&apos;
Driver info: driver.version: ChromeDriver
remote stacktrace: Backtrace:
	Ordinal0 [0x014B9943+2595139]
	Ordinal0 [0x0144C9F1+2148849]
	Ordinal0 [0x013443F0+1065968]
	Ordinal0 [0x013387C2+1017794]
	Ordinal0 [0x0132BDD0+966096]
	Ordinal0 [0x013907C8+1378248]
	Ordinal0 [0x0139018A+1376650]
	Ordinal0 [0x0138B806+1357830]
	Ordinal0 [0x01366086+1204358]
	Ordinal0 [0x01366F96+1208214]
	GetHandleVerifier [0x0165B232+1658114]
	GetHandleVerifier [0x0171312C+2411516]
	GetHandleVerifier [0x0154F261+560433]
	GetHandleVerifier [0x0154E366+556598]
	Ordinal0 [0x0145286B+2173035]
	Ordinal0 [0x014575F8+2192888]
	Ordinal0 [0x014576E5+2193125]
	Ordinal0 [0x014611FC+2232828]
	BaseThreadInitThunk [0x75C26A14+36]
	RtlInitializeExceptionChain [0x7700A9EF+143]
	RtlInitializeExceptionChain [0x7700A9BA+90]

	at java.base/jdk.internal.reflect.NativeConstructorAccessorImpl.newInstance0(Native Method)
	at java.base/jdk.internal.reflect.NativeConstructorAccessorImpl.newInstance(NativeConstructorAccessorImpl.java:78)
	at java.base/jdk.internal.reflect.DelegatingConstructorAccessorImpl.newInstance(DelegatingConstructorAccessorImpl.java:45)
	at java.base/java.lang.reflect.Constructor.newInstanceWithCaller(Constructor.java:499)
	at java.base/java.lang.reflect.Constructor.newInstance(Constructor.java:480)
	at org.openqa.selenium.remote.W3CHandshakeResponse.lambda$errorHandler$0(W3CHandshakeResponse.java:62)
	at org.openqa.selenium.remote.HandshakeResponse.lambda$getResponseFunction$0(HandshakeResponse.java:30)
	at org.openqa.selenium.remote.ProtocolHandshake.lambda$createSession$0(ProtocolHandshake.java:126)
	at java.base/java.util.stream.ReferencePipeline$3$1.accept(ReferencePipeline.java:197)
	at java.base/java.util.Spliterators$ArraySpliterator.tryAdvance(Spliterators.java:958)
	at java.base/java.util.stream.ReferencePipeline.forEachWithCancel(ReferencePipeline.java:129)
	at java.base/java.util.stream.AbstractPipeline.copyIntoWithCancel(AbstractPipeline.java:502)
	at java.base/java.util.stream.AbstractPipeline.copyInto(AbstractPipeline.java:488)
	at java.base/java.util.stream.AbstractPipeline.wrapAndCopyInto(AbstractPipeline.java:474)
	at java.base/java.util.stream.FindOps$FindOp.evaluateSequential(FindOps.java:150)
	at java.base/java.util.stream.AbstractPipeline.evaluate(AbstractPipeline.java:234)
	at java.base/java.util.stream.ReferencePipeline.findFirst(ReferencePipeline.java:647)
	at org.openqa.selenium.remote.ProtocolHandshake.createSession(ProtocolHandshake.java:128)
	at org.openqa.selenium.remote.ProtocolHandshake.createSession(ProtocolHandshake.java:74)
	at org.openqa.selenium.remote.HttpCommandExecutor.execute(HttpCommandExecutor.java:136)
	at org.openqa.selenium.remote.service.DriverCommandExecutor.execute(DriverCommandExecutor.java:83)
	at org.openqa.selenium.remote.RemoteWebDriver.execute(RemoteWebDriver.java:552)
	at org.openqa.selenium.remote.RemoteWebDriver.startSession(RemoteWebDriver.java:213)
	at org.openqa.selenium.remote.RemoteWebDriver.&lt;init&gt;(RemoteWebDriver.java:131)
	at org.openqa.selenium.chrome.ChromeDriver.&lt;init&gt;(ChromeDriver.java:181)
	at org.openqa.selenium.chrome.ChromeDriver.&lt;init&gt;(ChromeDriver.java:168)
	at org.openqa.selenium.chrome.ChromeDriver.&lt;init&gt;(ChromeDriver.java:157)
	at Tests.WebTest.iniciarChrome(WebTest.java:81)
	at Tests.WebTest.beforeTest(WebTest.java:29)
</failure>
    <system-out>Configuring TestNG with: org.apache.maven.surefire.testng.conf.TestNG652Configurator@5383967b
</system-out>
    <system-err>[main] INFO io.github.bonigarcia.wdm.WebDriverManager - Using chromedriver 99.0.4844.51 (resolved driver for Chrome 99)
[main] INFO io.github.bonigarcia.wdm.WebDriverManager - Exporting webdriver.chrome.driver as C:\Users\l0506478\.cache\selenium\chromedriver\win32\99.0.4844.51\chromedriver.exe
Starting ChromeDriver 99.0.4844.51 (d537ec02474b5afe23684e7963d538896c63ac77-refs/branch-heads/4844@{#875}) on port 46735
Only local connections are allowed.
Please see https://chromedriver.chromium.org/security-considerations for suggestions on keeping ChromeDriver safe.
ChromeDriver was started successfully.
</system-err>
  </testcase>
  <testcase classname="Tests.WebTest" name="sincronizar" time="0">
    <skipped/>
  </testcase>
  <testcase classname="Tests.WebTest" name="afterTest" time="0.003">
    <skipped/>
  </testcase>
</testsuite>